#
# There is insufficient memory for the Java Runtime Environment to continue.
# Native memory allocation (mmap) failed to map 536870912 bytes for G1 virtual space
# Possible reasons:
#   The system is out of physical RAM or swap space
#   The process is running with CompressedOops enabled, and the Java Heap may be blocking the growth of the native heap
# Possible solutions:
#   Reduce memory load on the system
#   Increase physical memory or swap space
#   Check if swap backing store is full
#   Decrease Java heap size (-Xmx/-Xms)
#   Decrease number of Java threads
#   Decrease Java thread stack sizes (-Xss)
#   Set larger code cache with -XX:ReservedCodeCacheSize=
#   JVM is running with Zero Based Compressed Oops mode in which the Java heap is
#     placed in the first 32GB address space. The Java Heap base address is the
#     maximum limit for the native heap growth. Please use -XX:HeapBaseMinAddress
#     to set the Java Heap base and to place the Java Heap above 32GB virtual address.
# This output file may be truncated or incomplete.
#
#  Out of Memory Error (os_windows.cpp:3550), pid=16932, tid=11184
#
# JRE version:  (17.0.6+9) (build )
# Java VM: Java HotSpot(TM) 64-Bit Server VM (17.0.6+9-LTS-190, mixed mode, emulated-client, sharing, tiered, compressed oops, compressed class ptrs, g1 gc, windows-amd64)
# No core dump will be written. Minidumps are not enabled by default on client versions of Windows
#

---------------  S U M M A R Y ------------

Command Line: -XX:TieredStopAtLevel=1 -Dspring.output.ansi.enabled=always -Dcom.sun.management.jmxremote -Dspring.jmx.enabled=true -Dspring.liveBeansView.mbeanDomain -Dspring.application.admin.enabled=true -Dmanagement.endpoints.jmx.exposure.include=* -javaagent:C:\Java\JetBrains\IntelliJ IDEA 2022.1.4\lib\idea_rt.jar=64555:C:\Java\JetBrains\IntelliJ IDEA 2022.1.4\bin -Dfile.encoding=UTF-8 ua.foxminded.pinchuk.javaspring.universityschedulewebapp.UniversityScheduleWebAppApplication

Host: AMD Ryzen 7 5800H with Radeon Graphics         , 16 cores, 31G,  Windows 11 , 64 bit Build 22621 (10.0.22621.1635)
Time: Sat May 13 21:58:49 2023 Jerusalem Daylight Time elapsed time: 0.014984 seconds (0d 0h 0m 0s)

---------------  T H R E A D  ---------------

Current thread (0x0000024625303060):  JavaThread "Unknown thread" [_thread_in_vm, id=11184, stack(0x0000006665100000,0x0000006665200000)]

Stack: [0x0000006665100000,0x0000006665200000]
Native frames: (J=compiled Java code, j=interpreted, Vv=VM code, C=native code)
V  [jvm.dll+0x6734ea]
V  [jvm.dll+0x7d18f4]
V  [jvm.dll+0x7d309e]
V  [jvm.dll+0x7d3703]
V  [jvm.dll+0x2433c5]
V  [jvm.dll+0x6703f9]
V  [jvm.dll+0x664d32]
V  [jvm.dll+0x300086]
V  [jvm.dll+0x307606]
V  [jvm.dll+0x356c1e]
V  [jvm.dll+0x356e4f]
V  [jvm.dll+0x2d72e8]
V  [jvm.dll+0x2d8254]
V  [jvm.dll+0x7a33b1]
V  [jvm.dll+0x3647f1]
V  [jvm.dll+0x782839]
V  [jvm.dll+0x3e757f]
V  [jvm.dll+0x3e9001]
C  [jli.dll+0x5297]
C  [ucrtbase.dll+0x29363]
C  [KERNEL32.DLL+0x126ad]
C  [ntdll.dll+0x5a9f8]


---------------  P R O C E S S  ---------------

Threads class SMR info:
_java_thread_list=0x00007ffb00ebe958, length=0, elements={
}

Java Threads: ( => current thread )

Other Threads:
  0x0000024643180c90 GCTaskThread "GC Thread#0" [stack: 0x0000006665200000,0x0000006665300000] [id=31052]
  0x00000246253829e0 ConcurrentGCThread "G1 Main Marker" [stack: 0x0000006665300000,0x0000006665400000] [id=5796]
  0x0000024625384580 ConcurrentGCThread "G1 Conc#0" [stack: 0x0000006665400000,0x0000006665500000] [id=32484]

[error occurred during error reporting (printing all threads), id 0xc0000005, EXCEPTION_ACCESS_VIOLATION (0xc0000005) at pc=0x00007ffb006f7f07]

VM state: not at safepoint (not fully initialized)

VM Mutex/Monitor currently owned by a thread:  ([mutex/lock_event])
[0x00000246252ff370] Heap_lock - owner thread: 0x0000024625303060

Heap address: 0x0000000602400000, size: 8156 MB, Compressed Oops mode: Zero based, Oop shift amount: 3

CDS archive(s) mapped at: [0x0000000000000000-0x0000000000000000-0x0000000000000000), size 0, SharedBaseAddress: 0x0000000800000000, ArchiveRelocationMode: 0.
Narrow klass base: 0x0000000000000000, Narrow klass shift: 0, Narrow klass range: 0x0

GC Precious Log:
<Empty>

Heap:
 garbage-first heap   total 0K, used 0K [0x0000000602400000, 0x0000000800000000)
  region size 4096K, 0 young (0K), 0 survivors (0K)

[error occurred during error reporting (printing heap information), id 0xc0000005, EXCEPTION_ACCESS_VIOLATION (0xc0000005) at pc=0x00007ffb00adc759]

GC Heap History (0 events):
No events

Deoptimization events (0 events):
No events

Classes unloaded (0 events):
No events

Classes redefined (0 events):
No events

Internal exceptions (0 events):
No events

VM Operations (0 events):
No events

Events (1 events):
Event: 0.011 Loaded shared library C:\Java\jdk17\bin\java.dll


Dynamic libraries:
0x00007ff7d77d0000 - 0x00007ff7d77e0000 	C:\Java\jdk17\bin\java.exe
0x00007ffb66fd0000 - 0x00007ffb671e4000 	C:\WINDOWS\SYSTEM32\ntdll.dll
0x00007ffb653d0000 - 0x00007ffb65492000 	C:\WINDOWS\System32\KERNEL32.DLL
0x00007ffb646a0000 - 0x00007ffb64a43000 	C:\WINDOWS\System32\KERNELBASE.dll
0x0000000057d10000 - 0x0000000058041000 	C:\Program Files\Norton Security\NortonData\22.22.11.12\Definitions\IPSDefs\20230512.061\IPSEng64.dll
0x00007ffb66ee0000 - 0x00007ffb66f8e000 	C:\WINDOWS\System32\ADVAPI32.dll
0x00007ffb652c0000 - 0x00007ffb65367000 	C:\WINDOWS\System32\msvcrt.dll
0x00007ffb64ff0000 - 0x00007ffb65094000 	C:\WINDOWS\System32\sechost.dll
0x00007ffb66210000 - 0x00007ffb66327000 	C:\WINDOWS\System32\RPCRT4.dll
0x00007ffb66430000 - 0x00007ffb66438000 	C:\WINDOWS\System32\PSAPI.DLL
0x00007ffb64c10000 - 0x00007ffb64d21000 	C:\WINDOWS\System32\ucrtbase.dll
0x00007ffb55ec0000 - 0x00007ffb55ed8000 	C:\Java\jdk17\bin\jli.dll
0x00007ffb4b010000 - 0x00007ffb4b02b000 	C:\Java\jdk17\bin\VCRUNTIME140.dll
0x00007ffb65510000 - 0x00007ffb656bb000 	C:\WINDOWS\System32\USER32.dll
0x00007ffb64da0000 - 0x00007ffb64dc6000 	C:\WINDOWS\System32\win32u.dll
0x00007ffb66e30000 - 0x00007ffb66e59000 	C:\WINDOWS\System32\GDI32.dll
0x00007ffb64af0000 - 0x00007ffb64c08000 	C:\WINDOWS\System32\gdi32full.dll
0x00007ffb64a50000 - 0x00007ffb64aea000 	C:\WINDOWS\System32\msvcp_win.dll
0x00007ffb55740000 - 0x00007ffb559ce000 	C:\WINDOWS\WinSxS\amd64_microsoft.windows.common-controls_6595b64144ccf1df_6.0.22621.1635_none_270f70857386168e\COMCTL32.dll
0x00007ffb5ac40000 - 0x00007ffb5ac4a000 	C:\WINDOWS\SYSTEM32\VERSION.dll
0x00007ffb668c0000 - 0x00007ffb668f1000 	C:\WINDOWS\System32\IMM32.DLL
0x00007ffb61410000 - 0x00007ffb6141c000 	C:\Java\jdk17\bin\vcruntime140_1.dll
0x00007ffb3f540000 - 0x00007ffb3f5ce000 	C:\Java\jdk17\bin\msvcp140.dll
0x00007ffb00410000 - 0x00007ffb00fe7000 	C:\Java\jdk17\bin\server\jvm.dll
0x00007ffb5d2a0000 - 0x00007ffb5d2d4000 	C:\WINDOWS\SYSTEM32\WINMM.dll
0x00007ffb46150000 - 0x00007ffb46159000 	C:\WINDOWS\SYSTEM32\WSOCK32.dll
0x00007ffb66e60000 - 0x00007ffb66ed1000 	C:\WINDOWS\System32\WS2_32.dll
0x00007ffb634f0000 - 0x00007ffb63508000 	C:\WINDOWS\SYSTEM32\kernel.appcore.dll
0x00007ffb61070000 - 0x00007ffb6107a000 	C:\Java\jdk17\bin\jimage.dll
0x00007ffb62020000 - 0x00007ffb6224e000 	C:\WINDOWS\SYSTEM32\DBGHELP.DLL
0x00007ffb66aa0000 - 0x00007ffb66e29000 	C:\WINDOWS\System32\combase.dll
0x00007ffb650c0000 - 0x00007ffb65197000 	C:\WINDOWS\System32\OLEAUT32.dll
0x00007ffb57150000 - 0x00007ffb57182000 	C:\WINDOWS\SYSTEM32\dbgcore.DLL
0x00007ffb64560000 - 0x00007ffb645db000 	C:\WINDOWS\System32\bcryptPrimitives.dll
0x00007ffb61050000 - 0x00007ffb6105e000 	C:\Java\jdk17\bin\instrument.dll
0x00007ffb45c00000 - 0x00007ffb45c25000 	C:\Java\jdk17\bin\java.dll

dbghelp: loaded successfully - version: 4.0.5 - missing functions: none
symbol engine: initialized successfully - sym options: 0x614 - pdb path: .;C:\Java\jdk17\bin;C:\WINDOWS\SYSTEM32;C:\Program Files\Norton Security\NortonData\22.22.11.12\Definitions\IPSDefs\20230512.061;C:\WINDOWS\WinSxS\amd64_microsoft.windows.common-controls_6595b64144ccf1df_6.0.22621.1635_none_270f70857386168e;C:\Java\jdk17\bin\server

VM Arguments:
jvm_args: -XX:TieredStopAtLevel=1 -Dspring.output.ansi.enabled=always -Dcom.sun.management.jmxremote -Dspring.jmx.enabled=true -Dspring.liveBeansView.mbeanDomain -Dspring.application.admin.enabled=true -Dmanagement.endpoints.jmx.exposure.include=* -javaagent:C:\Java\JetBrains\IntelliJ IDEA 2022.1.4\lib\idea_rt.jar=64555:C:\Java\JetBrains\IntelliJ IDEA 2022.1.4\bin -Dfile.encoding=UTF-8 
java_command: ua.foxminded.pinchuk.javaspring.universityschedulewebapp.UniversityScheduleWebAppApplication
java_class_path (initial): C:\Java\MyWorkSpace\Foxminded\university-schedule-web-app\target\classes;C:\Users\Gbyzzz\.m2\repository\org\springframework\boot\spring-boot-starter-data-jpa\3.0.6\spring-boot-starter-data-jpa-3.0.6.jar;C:\Users\Gbyzzz\.m2\repository\org\springframework\boot\spring-boot-starter-aop\3.0.6\spring-boot-starter-aop-3.0.6.jar;C:\Users\Gbyzzz\.m2\repository\org\aspectj\aspectjweaver\1.9.19\aspectjweaver-1.9.19.jar;C:\Users\Gbyzzz\.m2\repository\org\springframework\boot\spring-boot-starter-jdbc\3.0.6\spring-boot-starter-jdbc-3.0.6.jar;C:\Users\Gbyzzz\.m2\repository\com\zaxxer\HikariCP\5.0.1\HikariCP-5.0.1.jar;C:\Users\Gbyzzz\.m2\repository\org\springframework\spring-jdbc\6.0.8\spring-jdbc-6.0.8.jar;C:\Users\Gbyzzz\.m2\repository\org\hibernate\orm\hibernate-core\6.1.7.Final\hibernate-core-6.1.7.Final.jar;C:\Users\Gbyzzz\.m2\repository\jakarta\persistence\jakarta.persistence-api\3.1.0\jakarta.persistence-api-3.1.0.jar;C:\Users\Gbyzzz\.m2\repository\jakarta\transaction\jakarta.transaction-api\2.0.1\jakarta.transaction-api-2.0.1.jar;C:\Users\Gbyzzz\.m2\repository\org\jboss\logging\jboss-logging\3.5.0.Final\jboss-logging-3.5.0.Final.jar;C:\Users\Gbyzzz\.m2\repository\org\hibernate\common\hibernate-commons-annotations\6.0.6.Final\hibernate-commons-annotations-6.0.6.Final.jar;C:\Users\Gbyzzz\.m2\repository\org\jboss\jandex\2.4.2.Final\jandex-2.4.2.Final.jar;C:\Users\Gbyzzz\.m2\repository\com\fasterxml\classmate\1.5.1\classmate-1.5.1.jar;C:\Users\Gbyzzz\.m2\repository\net\bytebuddy\byte-buddy\1.12.23\byte-buddy-1.12.23.jar;C:\Users\Gbyzzz\.m2\repository\org\glassfish\jaxb\jaxb-runtime\4.0.2\jaxb-runtime-4.0.2.jar;C:\Users\Gbyzzz\.m2\repository\org\glassfish\jaxb\jaxb-core\4.0.2\jaxb-core-4.0.2.jar;C:\Users\Gbyzzz\.m2\repository\org\eclipse\angus\angus-activation\2.0.0\angus-activation-2.0.0.jar;C:\Users\Gbyzzz\.m2\repository\org\glassfish\jaxb\txw2\4.0.2\txw2-4.0.2.jar;C:\Users\Gbyzzz\.m2\repository\com\sun\istack\istack-commons-runtime\4.1.1\istack-co
Launcher Type: SUN_STANDARD

[Global flags]
     intx CICompilerCount                          = 12                                        {product} {ergonomic}
     uint ConcGCThreads                            = 3                                         {product} {ergonomic}
     uint G1ConcRefinementThreads                  = 13                                        {product} {ergonomic}
   size_t G1HeapRegionSize                         = 4194304                                   {product} {ergonomic}
    uintx GCDrainStackTargetSize                   = 64                                        {product} {ergonomic}
   size_t InitialHeapSize                          = 536870912                                 {product} {ergonomic}
     bool ManagementServer                         = true                                      {product} {command line}
   size_t MarkStackSize                            = 4194304                                   {product} {ergonomic}
   size_t MaxHeapSize                              = 8552185856                                {product} {ergonomic}
   size_t MinHeapDeltaBytes                        = 4194304                                   {product} {ergonomic}
   size_t MinHeapSize                              = 8388608                                   {product} {ergonomic}
    uintx NonProfiledCodeHeapSize                  = 0                                      {pd product} {ergonomic}
     bool ProfileInterpreter                       = false                                  {pd product} {command line}
    uintx ProfiledCodeHeapSize                     = 0                                      {pd product} {ergonomic}
   size_t SoftMaxHeapSize                          = 8552185856                             {manageable} {ergonomic}
     intx TieredStopAtLevel                        = 1                                         {product} {command line}
     bool UseCompressedClassPointers               = true                           {product lp64_product} {ergonomic}
     bool UseCompressedOops                        = true                           {product lp64_product} {ergonomic}
     bool UseG1GC                                  = true                                      {product} {ergonomic}
     bool UseLargePagesIndividualAllocation        = false                                  {pd product} {ergonomic}

Logging:
Log output configuration:
 #0: stdout all=warning uptime,level,tags
 #1: stderr all=off uptime,level,tags

Environment Variables:
JAVA_HOME=C:\Java\jdk17\
PATH=c:\program files\common files\oracle\java\javapath;c:\program files (x86)\common files\oracle\java\javapath;c:\windows\system32;c:\windows;c:\windows\system32\wbem;c:\windows\system32\windowspowershell\v1.0\;c:\windows\system32\openssh\;c:\program files\nvidia corporation\nvidia nvdlisr;c:\program files\dotnet\;c:\program files\putty\;c:\windows\system32;c:\windows;c:\windows\system32\wbem;c:\windows\system32\windowspowershell\v1.0\;c:\windows\system32\openssh\;c:\java\jdk8\bin;c:\java\maven\apache-maven-3.8.6\bin;c:\program files\git\cmd;c:\program files\nodejs\;c:\program files\docker\docker\resources\bin;c:\java\gradle-7.6\bin;C:\Program Files (x86)\NVIDIA Corporation\PhysX\Common;C:\Program Files\Git\cmd;C:\Program Files\Docker\Docker\resources\bin;C:\Users\Gbyzzz\AppData\Local\Microsoft\WindowsApps;C:\Users\Gbyzzz\AppData\Roaming\npm
USERNAME=Gbyzzz
OS=Windows_NT
PROCESSOR_IDENTIFIER=AMD64 Family 25 Model 80 Stepping 0, AuthenticAMD



---------------  S Y S T E M  ---------------

OS:
 Windows 11 , 64 bit Build 22621 (10.0.22621.1635)
OS uptime: 1 days 0:41 hours
Hyper-V role detected

CPU: total 16 (initial active 16) (16 cores per cpu, 2 threads per core) family 25 model 80 stepping 0 microcode 0x0, cx8, cmov, fxsr, ht, mmx, 3dnowpref, sse, sse2, sse3, ssse3, sse4a, sse4.1, sse4.2, popcnt, lzcnt, tsc, tscinvbit, avx, avx2, aes, erms, clmul, bmi1, bmi2, adx, sha, fma, vzeroupper, clflush, clflushopt, hv

Memory: 4k page, system-wide physical 32620M (6357M free)
TotalPageFile size 64620M (AvailPageFile size 386M)
current process WorkingSet (physical memory assigned to process): 13M, peak: 13M
current process commit charge ("private bytes"): 66M, peak: 578M

vm_info: Java HotSpot(TM) 64-Bit Server VM (17.0.6+9-LTS-190) for windows-amd64 JRE (17.0.6+9-LTS-190), built on Dec  6 2022 15:53:54 by "mach5one" with MS VC++ 17.1 (VS2022)

END.
